  Array.cpp
E:\Політех\ооп\6\lab_6.1\lab_6.1\Array.h(34,7): warning C4290: спецификация исключений C++ игнорируется, кроме случая, когда указывается, что функция не является __declspec(nothrow)
E:\Політех\ооп\6\lab_6.1\lab_6.1\Array.h(37,7): warning C4290: спецификация исключений C++ игнорируется, кроме случая, когда указывается, что функция не является __declspec(nothrow)
E:\Політех\ооп\6\lab_6.1\lab_6.1\Array.h(39,7): warning C4290: спецификация исключений C++ игнорируется, кроме случая, когда указывается, что функция не является __declspec(nothrow)
E:\Політех\ооп\6\lab_6.1\lab_6.1\Array.h(42,7): warning C4290: спецификация исключений C++ игнорируется, кроме случая, когда указывается, что функция не является __declspec(nothrow)
E:\Політех\ооп\6\lab_6.1\lab_6.1\Array.h(65,18): warning C4290: спецификация исключений C++ игнорируется, кроме случая, когда указывается, что функция не является __declspec(nothrow)
E:\Політех\ооп\6\lab_6.1\lab_6.1\Array.h(67,53): warning C4290: спецификация исключений C++ игнорируется, кроме случая, когда указывается, что функция не является __declspec(nothrow)
E:\Політех\ооп\6\lab_6.1\lab_6.1\Array.h(69,65): warning C4290: спецификация исключений C++ игнорируется, кроме случая, когда указывается, что функция не является __declspec(nothrow)
E:\Політех\ооп\6\lab_6.1\lab_6.1\Array.cpp(17,34): warning C4290: спецификация исключений C++ игнорируется, кроме случая, когда указывается, что функция не является __declspec(nothrow)
E:\Політех\ооп\6\lab_6.1\lab_6.1\Array.cpp(33,90): warning C4290: спецификация исключений C++ игнорируется, кроме случая, когда указывается, что функция не является __declspec(nothrow)
E:\Політех\ооп\6\lab_6.1\lab_6.1\Array.cpp(55,92): warning C4290: спецификация исключений C++ игнорируется, кроме случая, когда указывается, что функция не является __declspec(nothrow)
E:\Політех\ооп\6\lab_6.1\lab_6.1\Array.cpp(77,45): warning C4290: спецификация исключений C++ игнорируется, кроме случая, когда указывается, что функция не является __declspec(nothrow)
E:\Політех\ооп\6\lab_6.1\lab_6.1\Array.cpp(121,72): warning C4290: спецификация исключений C++ игнорируется, кроме случая, когда указывается, что функция не является __declspec(nothrow)
E:\Політех\ооп\6\lab_6.1\lab_6.1\Array.cpp(131,84): warning C4290: спецификация исключений C++ игнорируется, кроме случая, когда указывается, что функция не является __declspec(nothrow)
E:\Політех\ооп\6\lab_6.1\lab_6.1\Array.cpp(145,54): warning C4290: спецификация исключений C++ игнорируется, кроме случая, когда указывается, что функция не является __declspec(nothrow)
  lab_6.1.cpp
E:\Політех\ооп\6\lab_6.1\lab_6.1\Array.h(34,7): warning C4290: спецификация исключений C++ игнорируется, кроме случая, когда указывается, что функция не является __declspec(nothrow)
E:\Політех\ооп\6\lab_6.1\lab_6.1\Array.h(37,7): warning C4290: спецификация исключений C++ игнорируется, кроме случая, когда указывается, что функция не является __declspec(nothrow)
E:\Політех\ооп\6\lab_6.1\lab_6.1\Array.h(39,7): warning C4290: спецификация исключений C++ игнорируется, кроме случая, когда указывается, что функция не является __declspec(nothrow)
E:\Політех\ооп\6\lab_6.1\lab_6.1\Array.h(42,7): warning C4290: спецификация исключений C++ игнорируется, кроме случая, когда указывается, что функция не является __declspec(nothrow)
E:\Політех\ооп\6\lab_6.1\lab_6.1\Array.h(65,18): warning C4290: спецификация исключений C++ игнорируется, кроме случая, когда указывается, что функция не является __declspec(nothrow)
E:\Політех\ооп\6\lab_6.1\lab_6.1\Array.h(67,53): warning C4290: спецификация исключений C++ игнорируется, кроме случая, когда указывается, что функция не является __declspec(nothrow)
E:\Політех\ооп\6\lab_6.1\lab_6.1\Array.h(69,65): warning C4290: спецификация исключений C++ игнорируется, кроме случая, когда указывается, что функция не является __declspec(nothrow)
  Создание кода...
  lab_6.1.vcxproj -> E:\Політех\ооп\6\lab_6.1\x64\Debug\lab_6.1.exe
